<?xml version="1.0" encoding="utf-8"?><testsuites name="pytest tests"><testsuite name="pytest" errors="0" failures="1" skipped="0" tests="29" time="4.973" timestamp="2026-09-11T11:10:45.370349+00:00" hostname="agent-env-c38209e9-227a-46b0-a09c-43b5f802a37e"><testcase classname="tests.test_heeba_backend.TestAuth" name="test_admin_login_success" time="0.747" /><testcase classname="tests.test_heeba_backend.TestAuth" name="test_admin_login_wrong_password" time="0.396" /><testcase classname="tests.test_heeba_backend.TestAdminCRUD" name="test_admin_prizes_crud" time="1.831" /><testcase classname="tests.test_heeba_backend.TestAuth" name="test_admin_login_wrong_email" time="0.144" /><testcase classname="tests.test_heeba_backend.TestAuth" name="test_auth_me" time="0.505" /><testcase classname="tests.test_heeba_backend.TestAuth" name="test_auth_me_no_token" time="0.189" /><testcase classname="tests.test_heeba_backend.TestAdminCRUD" name="test_admin_products_crud" time="0.419" /><testcase classname="tests.test_heeba_backend.TestStore" name="test_products_seeded" time="0.181" /><testcase classname="tests.test_heeba_backend.TestStore" name="test_products_filter_uc" time="0.132" /><testcase classname="tests.test_heeba_backend.TestAdminCRUD" name="test_admin_channels_crud" time="0.276" /><testcase classname="tests.test_heeba_backend.TestStore" name="test_purchase_insufficient" time="0.439" /><testcase classname="tests.test_heeba_backend.TestAdminCRUD" name="test_admin_creators_crud" time="0.279" /><testcase classname="tests.test_heeba_backend.TestStore" name="test_purchase_success" time="0.461" /><testcase classname="tests.test_heeba_backend.TestAdminCRUD" name="test_admin_wheel_config" time="0.124" /><testcase classname="tests.test_heeba_backend.TestAdminCRUD" name="test_admin_users_points" time="0.477"><failure message="assert 52 == (301 + 1)">backend/tests/test_heeba_backend.py:265: in test_admin_users_points
    assert me2["points"] == me["points"] + 1
E   assert 52 == (301 + 1)</failure></testcase><testcase classname="tests.test_heeba_backend.TestWheel" name="test_prizes_seeded" time="0.141" /><testcase classname="tests.test_heeba_backend.TestWheel" name="test_wheel_status" time="0.139" /><testcase classname="tests.test_heeba_backend.TestAdminCRUD" name="test_admin_orders_list" time="0.134" /><testcase classname="tests.test_heeba_backend.TestWheel" name="test_wheel_spin_and_cooldown" time="0.473" /><testcase classname="tests.test_heeba_backend.TestAdminCRUD" name="test_admin_order_status_update" time="0.257" /><testcase classname="tests.test_heeba_backend.TestChannels" name="test_list_channels" time="0.115" /><testcase classname="tests.test_heeba_backend.TestChannels" name="test_confirm_subscription" time="0.139" /><testcase classname="tests.test_heeba_backend.TestReferrals" name="test_referrals_mine" time="0.128" /><testcase classname="tests.test_heeba_backend.TestAdminGating" name="test_no_token_admin_endpoint" time="0.152" /><testcase classname="tests.test_heeba_backend.TestReferrals" name="test_referrals_self_rejected" time="0.275" /><testcase classname="tests.test_heeba_backend.TestAdminGating" name="test_bad_token_admin_endpoint" time="0.151" /><testcase classname="tests.test_heeba_backend.TestReferrals" name="test_referrals_invalid_code" time="0.117" /><testcase classname="tests.test_heeba_backend.TestRewards" name="test_my_rewards" time="0.190" /><testcase classname="tests.test_heeba_backend.TestNotifications" name="test_notifications_list" time="0.167" /></testsuite></testsuites>