<?xml version="1.0" encoding="utf-8"?><testsuites name="pytest tests"><testsuite name="pytest" errors="0" failures="0" skipped="2" tests="29" time="4.697" timestamp="2026-09-11T01:38:07.389400+00:00" hostname="agent-env-c38209e9-227a-46b0-a09c-43b5f802a37e"><testcase classname="tests.test_heeba_backend.TestAuth" name="test_admin_login_success" time="0.680" /><testcase classname="tests.test_heeba_backend.TestAdminCRUD" name="test_admin_prizes_crud" time="1.165" /><testcase classname="tests.test_heeba_backend.TestAuth" name="test_admin_login_wrong_password" time="0.363" /><testcase classname="tests.test_heeba_backend.TestAuth" name="test_admin_login_wrong_email" time="0.160" /><testcase classname="tests.test_heeba_backend.TestAdminCRUD" name="test_admin_products_crud" time="0.600" /><testcase classname="tests.test_heeba_backend.TestAuth" name="test_auth_me" time="0.605" /><testcase classname="tests.test_heeba_backend.TestAdminCRUD" name="test_admin_channels_crud" time="0.335" /><testcase classname="tests.test_heeba_backend.TestAuth" name="test_auth_me_no_token" time="0.155" /><testcase classname="tests.test_heeba_backend.TestStore" name="test_products_seeded" time="0.154" /><testcase classname="tests.test_heeba_backend.TestAdminCRUD" name="test_admin_creators_crud" time="0.318" /><testcase classname="tests.test_heeba_backend.TestStore" name="test_products_filter_uc" time="0.172" /><testcase classname="tests.test_heeba_backend.TestStore" name="test_purchase_insufficient" time="0.419" /><testcase classname="tests.test_heeba_backend.TestAdminCRUD" name="test_admin_wheel_config" time="0.154" /><testcase classname="tests.test_heeba_backend.TestAdminCRUD" name="test_admin_users_points" time="0.400" /><testcase classname="tests.test_heeba_backend.TestStore" name="test_purchase_success" time="0.608" /><testcase classname="tests.test_heeba_backend.TestAdminCRUD" name="test_admin_orders_list" time="0.156" /><testcase classname="tests.test_heeba_backend.TestAdminCRUD" name="test_admin_order_status_update" time="0.154"><skipped type="pytest.skip" message="no orders to update">/app/backend/tests/test_heeba_backend.py:277: no orders to update</skipped></testcase><testcase classname="tests.test_heeba_backend.TestReferrals" name="test_referrals_mine" time="0.143" /><testcase classname="tests.test_heeba_backend.TestWheel" name="test_prizes_seeded" time="0.137" /><testcase classname="tests.test_heeba_backend.TestReferrals" name="test_referrals_self_rejected" time="0.329" /><testcase classname="tests.test_heeba_backend.TestWheel" name="test_wheel_status" time="0.149" /><testcase classname="tests.test_heeba_backend.TestWheel" name="test_wheel_spin_and_cooldown" time="0.155"><skipped type="pytest.skip" message="Admin already on cooldown; cannot test fresh spin">/app/backend/tests/test_heeba_backend.py:94: Admin already on cooldown; cannot test fresh spin</skipped></testcase><testcase classname="tests.test_heeba_backend.TestReferrals" name="test_referrals_invalid_code" time="0.220" /><testcase classname="tests.test_heeba_backend.TestAdminGating" name="test_no_token_admin_endpoint" time="0.160" /><testcase classname="tests.test_heeba_backend.TestAdminGating" name="test_bad_token_admin_endpoint" time="0.132" /><testcase classname="tests.test_heeba_backend.TestChannels" name="test_list_channels" time="0.134" /><testcase classname="tests.test_heeba_backend.TestRewards" name="test_my_rewards" time="0.172" /><testcase classname="tests.test_heeba_backend.TestChannels" name="test_confirm_subscription" time="0.158" /><testcase classname="tests.test_heeba_backend.TestNotifications" name="test_notifications_list" time="0.136" /></testsuite></testsuites>